Vivado Simulator v2025.2
Copyright 1986-2022 Xilinx, Inc. All Rights Reserved.
Copyright 2022-2025 Advanced Micro Devices, Inc. All Rights Reserved.
Running: C:/AMDDesignTools/2025.2/Vivado/bin/unwrapped/win64.o/xelab.exe --incr --debug typical --relax --mt 2 -L xil_defaultlib -L secureip --snapshot stackSim_behav xil_defaultlib.stackSim -log elaborate.log 
Using 2 slave threads.
Starting static elaboration
Completed static elaboration
Starting simulation data flow analysis
Completed simulation data flow analysis
Time Resolution for simulation is 1ps
Compiling package std.standard
Compiling package std.textio
Compiling package ieee.std_logic_1164
Compiling architecture behavioral of entity xil_defaultlib.Push_Pop_Selector [push_pop_selector_default]
Compiling architecture behavioral of entity xil_defaultlib.fullAdder [fulladder_default]
Compiling architecture rtl of entity xil_defaultlib.rippleCarryAdder [ripplecarryadder_default]
Compiling architecture behavioral of entity xil_defaultlib.memory [memory_default]
Compiling architecture behavioral of entity xil_defaultlib.status_controller [status_controller_default]
Compiling architecture behavioral of entity xil_defaultlib.sp_controller [sp_controller_default]
Compiling architecture behavioral of entity xil_defaultlib.stack [stack_default]
Compiling architecture behavioral of entity xil_defaultlib.stacksim
Built simulation snapshot stackSim_behav
